<?xml version="1.0" encoding="UTF-8"?>
<testsuite xmlns:xsi="http://www.w3.org/2001/XMLSchema-instance" xsi:noNamespaceSchemaLocation="https://maven.apache.org/surefire/maven-surefire-plugin/xsd/surefire-test-report-3.0.xsd" version="3.0" name="TestSuite" time="14.761" tests="2" errors="0" skipped="0" failures="0">
  <properties>
[...]
</properties>
  <testcase name="setupBrowser[chrome](1)" classname="WebDriverBaseClass.TestBase" time="10.291">
    <system-out><![CDATA[shubham
]]></system-out>
    <system-err><![CDATA[SLF4J: Class path contains multiple SLF4J bindings.
SLF4J: Found binding in [jar:file:/C:/Users/goldi/.m2/repository/org/slf4j/slf4j-jdk14/1.7.36/slf4j-jdk14-1.7.36.jar!/org/slf4j/impl/StaticLoggerBinder.class]
SLF4J: Found binding in [jar:file:/C:/Users/goldi/.m2/repository/org/slf4j/slf4j-nop/1.7.36/slf4j-nop-1.7.36.jar!/org/slf4j/impl/StaticLoggerBinder.class]
SLF4J: See http://www.slf4j.org/codes.html#multiple_bindings for an explanation.
SLF4J: Actual binding is of type [org.slf4j.impl.JDK14LoggerFactory]
Jun 12, 2022 1:34:41 AM io.github.bonigarcia.wdm.WebDriverManager resolveDriverVersion
INFO: Using chromedriver 102.0.5005.61 (resolved driver for Chrome 102)
Jun 12, 2022 1:34:42 AM io.github.bonigarcia.wdm.WebDriverManager exportDriver
INFO: Exporting webdriver.chrome.driver as C:\Users\goldi\.cache\selenium\chromedriver\win32\102.0.5005.61\chromedriver.exe
Jun 12, 2022 1:34:42 AM io.github.bonigarcia.wdm.WebDriverManager logSeekRepo
INFO: Reading https://api.github.com/repos/mozilla/geckodriver/releases to seek geckodriver
Starting ChromeDriver 102.0.5005.61 (0e59bcc00cc4985ce39ad31c150065f159d95ad3-refs/branch-heads/5005@{#819}) on port 59543
Only local connections are allowed.
Please see https://chromedriver.chromium.org/security-considerations for suggestions on keeping ChromeDriver safe.
ChromeDriver was started successfully.
Jun 12, 2022 1:34:43 AM io.github.bonigarcia.wdm.WebDriverManager exportDriver
INFO: Exporting webdriver.gecko.driver as C:\Users\goldi\.cache\selenium\geckodriver\win64\0.31.0\geckodriver.exe
1654977883413	geckodriver	INFO	Listening on 127.0.0.1:64515
1654977883900	mozrunner::runner	INFO	Running command: "C:\\Program Files\\Mozilla Firefox\\firefox.exe" "--marionette" "--remote-debugging-port" "53692" "--remote-allow-hosts" "localhost" "--remote-allow-origins" "http://localhost:53692/" "-no-remote" "-profile" "C:\\Users\\goldi\\AppData\\Local\\Temp\\rust_mozprofilenzd4BY"
Jun 12, 2022 1:34:45 AM org.openqa.selenium.remote.ProtocolHandshake createSession
INFO: Detected upstream dialect: W3C
1654977885299	Marionette	INFO	Marionette enabled
WebDriver BiDi listening on ws://localhost:53692
Jun 12, 2022 1:34:45 AM org.openqa.selenium.devtools.CdpVersionFinder findNearestMatch
INFO: Found exact CDP implementation for version 102
console.warn: SearchSettings: "get: No settings file exists, new profile?" (new NotFoundError("Could not open the file at C:\\Users\\goldi\\AppData\\Local\\Temp\\rust_mozprofilenzd4BY\\search.json.mozlz4", (void 0)))
ERROR StatusLogger Log4j2 could not find a logging implementation. Please add log4j-core to the classpath. Using SimpleLogger to log to the console...
1654977889286	Marionette	INFO	Listening on port 58666
DevTools listening on ws://localhost:53692/devtools/browser/7571e579-5a21-4790-920f-46e35dcdb3c3
Read port: 58666
1654977889401	RemoteAgent	WARN	TLS certificate errors will be ignored for this session
Jun 12, 2022 1:34:49 AM org.openqa.selenium.remote.ProtocolHandshake createSession
INFO: Detected upstream dialect: W3C
]]></system-err>
  </testcase>
  <testcase name="setupBrowser[firefox](1)" classname="WebDriverBaseClass.TestBase" time="13.395">
    <system-out><![CDATA[shubham
]]></system-out>
    <system-err><![CDATA[1654977892015	Marionette	INFO	Stopped listening on port 58666

###!!! [Parent][PContentParent] Error: Send(msgname=PContent::Reply_DiscardBrowsingContext) Closed channel: cannot send/recv


###!!! [Parent][PContentParent] Error: Send(msgname=PContent::Msg_DestroyBrowsingContextGroup) Closed channel: cannot send/recv

JavaScript error: resource://gre/modules/Sqlite.jsm, line 1105: Error: Sqlite.jsm has been shutdown. Cannot open connection to: C:\Users\goldi\AppData\Local\Temp\rust_mozprofilenzd4BY\protections.sqlite
]]></system-err>
  </testcase>
</testsuite>