<?xml version="1.0" encoding="UTF-8"?>
<testng-results ignored="0" total="2" passed="2" failed="0" skipped="0">
  <reporter-output>
  </reporter-output>
  <suite started-at="2022-06-12T01:34:40 IST" name="Testing Google login" finished-at="2022-06-12T01:34:53 IST" duration-ms="13451">
    <groups>
    </groups>
    <test started-at="2022-06-12T01:34:40 IST" name="Sanity" finished-at="2022-06-12T01:34:50 IST" duration-ms="10351">
      <class name="WebDriverBaseClass.TestBase">
        <test-method signature="setupBrowser(java.lang.String)[pri:0, instance:WebDriverBaseClass.TestBase@69b2283a]" started-at="2022-06-12T01:34:40 IST" name="setupBrowser" finished-at="2022-06-12T01:34:50 IST" duration-ms="10274" status="PASS">
          <params>
            <param index="0">
              <value>
                <![CDATA[chrome]]>
              </value>
            </param>
          </params>
          <reporter-output>
          </reporter-output>
        </test-method> <!-- setupBrowser -->
      </class> <!-- WebDriverBaseClass.TestBase -->
    </test> <!-- Sanity -->
    <test started-at="2022-06-12T01:34:40 IST" name="firefox" finished-at="2022-06-12T01:34:53 IST" duration-ms="13451">
      <class name="WebDriverBaseClass.TestBase">
        <test-method signature="setupBrowser(java.lang.String)[pri:0, instance:WebDriverBaseClass.TestBase@353d0772]" started-at="2022-06-12T01:34:40 IST" name="setupBrowser" finished-at="2022-06-12T01:34:53 IST" duration-ms="13389" status="PASS">
          <params>
            <param index="0">
              <value>
                <![CDATA[firefox]]>
              </value>
            </param>
          </params>
          <reporter-output>
          </reporter-output>
        </test-method> <!-- setupBrowser -->
      </class> <!-- WebDriverBaseClass.TestBase -->
    </test> <!-- firefox -->
  </suite> <!-- Testing Google login -->
</testng-results>
