<?xml version="1.0" encoding="UTF-8"?>
<testng-results ignored="0" total="2" passed="2" failed="0" skipped="0">
  <reporter-output>
  </reporter-output>
  <suite started-at="2022-06-12T00:28:39 IST" name="Testing Google login" finished-at="2022-06-12T00:28:51 IST" duration-ms="12375">
    <groups>
    </groups>
    <test started-at="2022-06-12T00:28:39 IST" name="Sanity" finished-at="2022-06-12T00:28:48 IST" duration-ms="9284">
      <class name="WebDriverBaseClass.TestBase">
        <test-method signature="setupBrowser(java.lang.String)[pri:0, instance:WebDriverBaseClass.TestBase@6069db50]" started-at="2022-06-12T00:28:39 IST" name="setupBrowser" finished-at="2022-06-12T00:28:48 IST" duration-ms="9225" status="PASS">
          <params>
            <param index="0">
              <value>
                <![CDATA[chrome]]>
              </value>
            </param>
          </params>
          <reporter-output>
          </reporter-output>
        </test-method> <!-- setupBrowser -->
      </class> <!-- WebDriverBaseClass.TestBase -->
    </test> <!-- Sanity -->
    <test started-at="2022-06-12T00:28:39 IST" name="firefox" finished-at="2022-06-12T00:28:51 IST" duration-ms="12373">
      <class name="WebDriverBaseClass.TestBase">
        <test-method signature="setupBrowser(java.lang.String)[pri:0, instance:WebDriverBaseClass.TestBase@75d4a5c2]" started-at="2022-06-12T00:28:39 IST" name="setupBrowser" finished-at="2022-06-12T00:28:51 IST" duration-ms="12322" status="PASS">
          <params>
            <param index="0">
              <value>
                <![CDATA[firefox]]>
              </value>
            </param>
          </params>
          <reporter-output>
          </reporter-output>
        </test-method> <!-- setupBrowser -->
      </class> <!-- WebDriverBaseClass.TestBase -->
    </test> <!-- firefox -->
  </suite> <!-- Testing Google login -->
</testng-results>
